<?xml version="1.0" encoding="utf-8"?><testsuites name="pytest tests"><testsuite name="pytest" errors="0" failures="0" skipped="0" tests="26" time="2.665" timestamp="2026-04-22T03:45:04.460153+00:00" hostname="agent-env-50f3d838-b3a9-4128-9ddc-e00816ed69a7"><testcase classname="backend.tests.test_admin_fase3.TestAdminAuth" name="test_login_wrong_password_401" time="0.464" /><testcase classname="backend.tests.test_admin_fase3.TestAdminAuth" name="test_login_success" time="0.276" /><testcase classname="backend.tests.test_admin_fase3.TestAdminAuth" name="test_me_without_token_401" time="0.048" /><testcase classname="backend.tests.test_admin_fase3.TestAdminAuth" name="test_me_with_invalid_token_401" time="0.047" /><testcase classname="backend.tests.test_admin_fase3.TestAdminAuth" name="test_me_with_valid_token" time="0.318" /><testcase classname="backend.tests.test_admin_fase3.TestAdminAuth" name="test_brute_force_lockout" time="0.285" /><testcase classname="backend.tests.test_admin_fase3.TestAdminLeads" name="test_list_leads_without_token_401" time="0.048" /><testcase classname="backend.tests.test_admin_fase3.TestAdminLeads" name="test_list_leads_with_token" time="0.111" /><testcase classname="backend.tests.test_admin_fase3.TestAdminLeads" name="test_list_leads_sorted_desc" time="0.055" /><testcase classname="backend.tests.test_admin_fase3.TestAdminLeads" name="test_filter_by_status" time="0.059" /><testcase classname="backend.tests.test_admin_fase3.TestAdminLeads" name="test_filter_by_temperatura" time="0.051" /><testcase classname="backend.tests.test_admin_fase3.TestAdminLeads" name="test_search_by_name_case_insensitive" time="0.049" /><testcase classname="backend.tests.test_admin_fase3.TestLeadDetail" name="test_lead_detail_ok" time="0.048" /><testcase classname="backend.tests.test_admin_fase3.TestLeadDetail" name="test_lead_detail_404" time="0.048" /><testcase classname="backend.tests.test_admin_fase3.TestStatusUpdate" name="test_status_update_contatado" time="0.103" /><testcase classname="backend.tests.test_admin_fase3.TestStatusUpdate" name="test_status_invalid_422" time="0.046" /><testcase classname="backend.tests.test_admin_fase3.TestStatusUpdate" name="test_status_not_found" time="0.050" /><testcase classname="backend.tests.test_admin_fase3.TestNotes" name="test_add_note_ok" time="0.094" /><testcase classname="backend.tests.test_admin_fase3.TestNotes" name="test_add_note_empty_text_422" time="0.046" /><testcase classname="backend.tests.test_admin_fase3.TestNotes" name="test_add_note_not_found" time="0.047" /><testcase classname="backend.tests.test_admin_fase3.TestMetrics" name="test_metrics_without_token_401" time="0.047" /><testcase classname="backend.tests.test_admin_fase3.TestMetrics" name="test_metrics_shape" time="0.047" /><testcase classname="backend.tests.test_admin_fase3.TestPublicRoutes" name="test_api_root" time="0.045" /><testcase classname="backend.tests.test_admin_fase3.TestPublicRoutes" name="test_get_unidades" time="0.048" /><testcase classname="backend.tests.test_admin_fase3.TestPublicRoutes" name="test_simulacao_public" time="0.046" /><testcase classname="backend.tests.test_admin_fase3.TestPublicRoutes" name="test_create_lead_public" time="0.053" /></testsuite></testsuites>