<?xml version="1.0" encoding="utf-8"?><testsuites name="pytest tests"><testsuite name="pytest" errors="0" failures="1" skipped="0" tests="26" time="2.791" timestamp="2026-04-22T03:36:00.771142+00:00" hostname="agent-env-50f3d838-b3a9-4128-9ddc-e00816ed69a7"><testcase classname="backend.tests.test_admin_fase3.TestAdminAuth" name="test_login_wrong_password_401" time="0.417" /><testcase classname="backend.tests.test_admin_fase3.TestAdminAuth" name="test_login_success" time="0.286" /><testcase classname="backend.tests.test_admin_fase3.TestAdminAuth" name="test_me_without_token_401" time="0.046" /><testcase classname="backend.tests.test_admin_fase3.TestAdminAuth" name="test_me_with_invalid_token_401" time="0.047" /><testcase classname="backend.tests.test_admin_fase3.TestAdminAuth" name="test_me_with_valid_token" time="0.323" /><testcase classname="backend.tests.test_admin_fase3.TestAdminAuth" name="test_brute_force_lockout" time="0.296"><failure message="assert 401 == 429&#10; +  where 401 = &lt;Response [401]&gt;.status_code">backend/tests/test_admin_fase3.py:131: in test_brute_force_lockout
    assert r.status_code == 429
E   assert 401 == 429
E    +  where 401 = &lt;Response [401]&gt;.status_code</failure></testcase><testcase classname="backend.tests.test_admin_fase3.TestAdminLeads" name="test_list_leads_without_token_401" time="0.059" /><testcase classname="backend.tests.test_admin_fase3.TestAdminLeads" name="test_list_leads_with_token" time="0.112" /><testcase classname="backend.tests.test_admin_fase3.TestAdminLeads" name="test_list_leads_sorted_desc" time="0.055" /><testcase classname="backend.tests.test_admin_fase3.TestAdminLeads" name="test_filter_by_status" time="0.045" /><testcase classname="backend.tests.test_admin_fase3.TestAdminLeads" name="test_filter_by_temperatura" time="0.052" /><testcase classname="backend.tests.test_admin_fase3.TestAdminLeads" name="test_search_by_name_case_insensitive" time="0.048" /><testcase classname="backend.tests.test_admin_fase3.TestLeadDetail" name="test_lead_detail_ok" time="0.062" /><testcase classname="backend.tests.test_admin_fase3.TestLeadDetail" name="test_lead_detail_404" time="0.045" /><testcase classname="backend.tests.test_admin_fase3.TestStatusUpdate" name="test_status_update_contatado" time="0.099" /><testcase classname="backend.tests.test_admin_fase3.TestStatusUpdate" name="test_status_invalid_422" time="0.075" /><testcase classname="backend.tests.test_admin_fase3.TestStatusUpdate" name="test_status_not_found" time="0.051" /><testcase classname="backend.tests.test_admin_fase3.TestNotes" name="test_add_note_ok" time="0.100" /><testcase classname="backend.tests.test_admin_fase3.TestNotes" name="test_add_note_empty_text_422" time="0.046" /><testcase classname="backend.tests.test_admin_fase3.TestNotes" name="test_add_note_not_found" time="0.046" /><testcase classname="backend.tests.test_admin_fase3.TestMetrics" name="test_metrics_without_token_401" time="0.045" /><testcase classname="backend.tests.test_admin_fase3.TestMetrics" name="test_metrics_shape" time="0.055" /><testcase classname="backend.tests.test_admin_fase3.TestPublicRoutes" name="test_api_root" time="0.044" /><testcase classname="backend.tests.test_admin_fase3.TestPublicRoutes" name="test_get_unidades" time="0.047" /><testcase classname="backend.tests.test_admin_fase3.TestPublicRoutes" name="test_simulacao_public" time="0.048" /><testcase classname="backend.tests.test_admin_fase3.TestPublicRoutes" name="test_create_lead_public" time="0.046" /></testsuite></testsuites>