<?xml version="1.0" encoding="utf-8"?><testsuites name="pytest tests"><testsuite name="pytest" errors="0" failures="0" skipped="0" tests="22" time="4.292" timestamp="2026-04-22T00:29:22.331219+00:00" hostname="agent-env-50f3d838-b3a9-4128-9ddc-e00816ed69a7"><testcase classname="backend.tests.test_alameda_api" name="test_root_v21" time="0.297" /><testcase classname="backend.tests.test_alameda_api" name="test_get_unidades" time="0.208" /><testcase classname="backend.tests.test_alameda_api" name="test_simulacao_unidade7_low_renda_reprovado" time="0.210" /><testcase classname="backend.tests.test_alameda_api" name="test_simulacao_unidade7_high_renda_aprovado" time="0.131" /><testcase classname="backend.tests.test_alameda_api" name="test_simulacao_unidade_vendida_409" time="0.186" /><testcase classname="backend.tests.test_alameda_api" name="test_simulacao_unidade_reservada_409" time="0.208" /><testcase classname="backend.tests.test_alameda_api" name="test_simulacao_unidade_inexistente_404" time="0.176" /><testcase classname="backend.tests.test_alameda_api" name="test_simulacao_sem_unidade_nem_modelo_400" time="0.131" /><testcase classname="backend.tests.test_alameda_api" name="test_simulacao_modelo_id_funciona" time="0.149" /><testcase classname="backend.tests.test_alameda_api" name="test_simulacao_residual" time="0.212" /><testcase classname="backend.tests.test_alameda_api" name="test_create_lead_with_expanded_simulacao" time="0.141" /><testcase classname="backend.tests.test_alameda_api" name="test_create_lead_draft_no_name_phone" time="0.130" /><testcase classname="backend.tests.test_alameda_api" name="test_create_lead_imediato_missing_name" time="0.125" /><testcase classname="backend.tests.test_alameda_api" name="test_create_lead_imediato_missing_phone" time="0.242" /><testcase classname="backend.tests.test_alameda_api" name="test_create_lead_agendamento_missing_name_phone" time="0.254" /><testcase classname="backend.tests.test_alameda_api" name="test_create_lead_full_agendamento_score_125" time="0.127" /><testcase classname="backend.tests.test_alameda_api" name="test_create_lead_full_imediato_score" time="0.145" /><testcase classname="backend.tests.test_alameda_api" name="test_create_lead_score_cap_150" time="0.241" /><testcase classname="backend.tests.test_alameda_api" name="test_list_leads_no_objectid_sorted" time="0.199" /><testcase classname="backend.tests.test_alameda_api" name="test_list_leads_query_params" time="0.276" /><testcase classname="backend.tests.test_alameda_api" name="test_create_then_list_persistence" time="0.229" /><testcase classname="backend.tests.test_alameda_api" name="test_leads_summary_v2" time="0.151" /></testsuite></testsuites>