<?xml version="1.0" encoding="utf-8"?><testsuites name="pytest tests"><testsuite name="pytest" errors="0" failures="0" skipped="0" tests="12" time="2.193" timestamp="2026-04-21T23:52:17.606737+00:00" hostname="agent-env-50f3d838-b3a9-4128-9ddc-e00816ed69a7"><testcase classname="backend.tests.test_alameda_api" name="test_root_v2" time="0.250" /><testcase classname="backend.tests.test_alameda_api" name="test_create_lead_draft_no_name_phone" time="0.216" /><testcase classname="backend.tests.test_alameda_api" name="test_create_lead_imediato_missing_name" time="0.206" /><testcase classname="backend.tests.test_alameda_api" name="test_create_lead_imediato_missing_phone" time="0.123" /><testcase classname="backend.tests.test_alameda_api" name="test_create_lead_agendamento_missing_name_phone" time="0.190" /><testcase classname="backend.tests.test_alameda_api" name="test_create_lead_full_agendamento_score_125" time="0.118" /><testcase classname="backend.tests.test_alameda_api" name="test_create_lead_full_imediato_score" time="0.178" /><testcase classname="backend.tests.test_alameda_api" name="test_create_lead_score_cap_150" time="0.103" /><testcase classname="backend.tests.test_alameda_api" name="test_list_leads_no_objectid_sorted" time="0.232" /><testcase classname="backend.tests.test_alameda_api" name="test_list_leads_query_params" time="0.219" /><testcase classname="backend.tests.test_alameda_api" name="test_create_then_list_persistence" time="0.165" /><testcase classname="backend.tests.test_alameda_api" name="test_leads_summary_v2" time="0.125" /></testsuite></testsuites>