<?xml version="1.0" encoding="utf-8"?><testsuites name="pytest tests"><testsuite name="pytest" errors="0" failures="0" skipped="0" tests="17" time="5.305" timestamp="2026-05-11T22:20:22.821319+00:00" hostname="agent-env-50f3d838-b3a9-4128-9ddc-e00816ed69a7"><testcase classname="backend.tests.test_release2_brokers.TestBrokersCRUD" name="test_create_broker" time="0.591" /><testcase classname="backend.tests.test_release2_brokers.TestBrokersCRUD" name="test_create_second_broker" time="0.111" /><testcase classname="backend.tests.test_release2_brokers.TestBrokersCRUD" name="test_list_brokers_contains_new" time="0.120" /><testcase classname="backend.tests.test_release2_brokers.TestBrokersCRUD" name="test_patch_toggle_active" time="0.223" /><testcase classname="backend.tests.test_release2_brokers.TestRoundRobinAutoAssign" name="test_only_test_brokers_active" time="0.321" /><testcase classname="backend.tests.test_release2_brokers.TestRoundRobinAutoAssign" name="test_hot_lead_auto_assigns" time="0.535" /><testcase classname="backend.tests.test_release2_brokers.TestRoundRobinAutoAssign" name="test_broker_counts_incremented" time="0.133" /><testcase classname="backend.tests.test_release2_brokers.TestRoundRobinAutoAssign" name="test_cold_lead_NOT_auto_assigned" time="0.105" /><testcase classname="backend.tests.test_release2_brokers.TestManualOwnerAssignment" name="test_assign_owner_to_cold_lead" time="0.344" /><testcase classname="backend.tests.test_release2_brokers.TestManualOwnerAssignment" name="test_reassign_owner_swap_counts" time="0.359" /><testcase classname="backend.tests.test_release2_brokers.TestManualOwnerAssignment" name="test_unassign_owner" time="0.349" /><testcase classname="backend.tests.test_release2_brokers.TestManualOwnerAssignment" name="test_counts_never_negative" time="0.233" /><testcase classname="backend.tests.test_release2_brokers.TestMetricsRelease2" name="test_metrics_has_new_fields" time="0.106" /><testcase classname="backend.tests.test_release2_brokers.TestLeadFilters" name="test_filter_by_owner" time="0.105" /><testcase classname="backend.tests.test_release2_brokers.TestLeadFilters" name="test_filter_unassigned" time="0.129" /><testcase classname="backend.tests.test_release2_brokers.TestLeadFilters" name="test_filter_by_channel" time="0.125" /><testcase classname="backend.tests.test_release2_brokers.TestDeleteBrokerCleanup" name="test_delete_broker_unassigns" time="1.325" /></testsuite></testsuites>